f:\atalefromkillifishfalls\engine\spritecutter\spritecutter\x64\debug\vc142.pdb
f:\atalefromkillifishfalls\engine\spritecutter\spritecutter\x64\debug\vc142.idb
f:\atalefromkillifishfalls\engine\spritecutter\spritecutter\x64\debug\transformableimage.obj
f:\atalefromkillifishfalls\engine\spritecutter\spritecutter\x64\debug\main.obj
f:\atalefromkillifishfalls\engine\spritecutter\spritecutter\x64\debug\imgui_impl_opengl3.obj
f:\atalefromkillifishfalls\engine\spritecutter\spritecutter\x64\debug\imgui_impl_glfw.obj
f:\atalefromkillifishfalls\engine\spritecutter\spritecutter\x64\debug\imgui_widgets.obj
f:\atalefromkillifishfalls\engine\spritecutter\spritecutter\x64\debug\imgui_tables.obj
f:\atalefromkillifishfalls\engine\spritecutter\spritecutter\x64\debug\imgui_draw.obj
f:\atalefromkillifishfalls\engine\spritecutter\spritecutter\x64\debug\imgui_demo.obj
f:\atalefromkillifishfalls\engine\spritecutter\spritecutter\x64\debug\imgui.obj
f:\atalefromkillifishfalls\engine\spritecutter\spritecutter\x64\debug\gridviewer.obj
f:\atalefromkillifishfalls\engine\spritecutter\spritecutter\x64\debug\glad.obj
f:\atalefromkillifishfalls\engine\spritecutter\x64\debug\spritecutter.exe
f:\atalefromkillifishfalls\engine\spritecutter\x64\debug\spritecutter.ilk
f:\atalefromkillifishfalls\engine\spritecutter\x64\debug\spritecutter.pdb
f:\atalefromkillifishfalls\engine\spritecutter\spritecutter\x64\debug\spritecutter.tlog\cl.command.1.tlog
f:\atalefromkillifishfalls\engine\spritecutter\spritecutter\x64\debug\spritecutter.tlog\cl.read.1.tlog
f:\atalefromkillifishfalls\engine\spritecutter\spritecutter\x64\debug\spritecutter.tlog\cl.write.1.tlog
f:\atalefromkillifishfalls\engine\spritecutter\spritecutter\x64\debug\spritecutter.tlog\link.command.1.tlog
f:\atalefromkillifishfalls\engine\spritecutter\spritecutter\x64\debug\spritecutter.tlog\link.read.1.tlog
f:\atalefromkillifishfalls\engine\spritecutter\spritecutter\x64\debug\spritecutter.tlog\link.write.1.tlog
